<?xml version="1.0" encoding="UTF-8"?>
<!-- Generated by org.testng.reporters.JUnitReportReporter -->
<testsuite hostname="DESKTOP-G1QB867" failures="0" tests="1" name="testscript.Basetest" time="72.229" errors="0" timestamp="2025-04-15T21:31:02 IST" skipped="0">
  <testcase classname="testscript.Basetest" name="tc01" time="72.229"/>
</testsuite> <!-- testscript.Basetest -->
