<?xml version="1.0" encoding="UTF-8"?>
<!-- Generated by org.testng.reporters.JUnitReportReporter -->
<testsuite hostname="DESKTOP-G1QB867" failures="0" tests="1" name="testscript.Basetest" time="7.256" errors="0" timestamp="2025-04-10T21:28:03 IST" skipped="0">
  <testcase classname="testscript.Basetest" name="tc01" time="7.256"/>
</testsuite> <!-- testscript.Basetest -->
